{"C:\\free-mentors-api\\free-mentors-api\\src\\server.js": {"path":"C:\\free-mentors-api\\free-mentors-api\\src\\server.js","statementMap":{"0":{"start":{"line":50,"column":16},"end":{"line":50,"column":34}},"1":{"start":{"line":51,"column":17},"end":{"line":51,"column":36}},"2":{"start":{"line":52,"column":15},"end":{"line":52,"column":32}},"3":{"start":{"line":53,"column":13},"end":{"line":53,"column":28}},"4":{"start":{"line":55,"column":0},"end":{"line":55,"column":16}},"5":{"start":{"line":57,"column":12},"end":{"line":57,"column":21}},"6":{"start":{"line":58,"column":13},"end":{"line":58,"column":37}},"7":{"start":{"line":61,"column":0},"end":{"line":61,"column":24}},"8":{"start":{"line":62,"column":0},"end":{"line":62,"column":16}},"9":{"start":{"line":65,"column":0},"end":{"line":68,"column":69}},"10":{"start":{"line":67,"column":14},"end":{"line":67,"column":51}},"11":{"start":{"line":68,"column":18},"end":{"line":68,"column":67}},"12":{"start":{"line":71,"column":19},"end":{"line":71,"column":49}},"13":{"start":{"line":72,"column":21},"end":{"line":72,"column":53}},"14":{"start":{"line":73,"column":22},"end":{"line":73,"column":55}},"15":{"start":{"line":74,"column":20},"end":{"line":74,"column":51}},"16":{"start":{"line":77,"column":0},"end":{"line":77,"column":36}},"17":{"start":{"line":78,"column":0},"end":{"line":78,"column":41}},"18":{"start":{"line":79,"column":0},"end":{"line":79,"column":43}},"19":{"start":{"line":80,"column":0},"end":{"line":80,"column":38}},"20":{"start":{"line":83,"column":0},"end":{"line":85,"column":3}},"21":{"start":{"line":84,"column":2},"end":{"line":84,"column":47}},"22":{"start":{"line":88,"column":0},"end":{"line":90,"column":1}},"23":{"start":{"line":89,"column":2},"end":{"line":89,"column":75}},"24":{"start":{"line":89,"column":25},"end":{"line":89,"column":73}},"25":{"start":{"line":93,"column":0},"end":{"line":93,"column":21}}},"fnMap":{"0":{"name":"(anonymous_0)","decl":{"start":{"line":67,"column":8},"end":{"line":67,"column":9}},"loc":{"start":{"line":67,"column":14},"end":{"line":67,"column":51}},"line":67},"1":{"name":"(anonymous_1)","decl":{"start":{"line":68,"column":9},"end":{"line":68,"column":10}},"loc":{"start":{"line":68,"column":18},"end":{"line":68,"column":67}},"line":68},"2":{"name":"(anonymous_2)","decl":{"start":{"line":83,"column":13},"end":{"line":83,"column":14}},"loc":{"start":{"line":83,"column":27},"end":{"line":85,"column":1}},"line":83},"3":{"name":"(anonymous_3)","decl":{"start":{"line":89,"column":19},"end":{"line":89,"column":20}},"loc":{"start":{"line":89,"column":25},"end":{"line":89,"column":73}},"line":89}},"branchMap":{"0":{"loc":{"start":{"line":58,"column":13},"end":{"line":58,"column":37}},"type":"binary-expr","locations":[{"start":{"line":58,"column":13},"end":{"line":58,"column":29}},{"start":{"line":58,"column":33},"end":{"line":58,"column":37}}],"line":58},"1":{"loc":{"start":{"line":88,"column":0},"end":{"line":90,"column":1}},"type":"if","locations":[{"start":{"line":88,"column":0},"end":{"line":90,"column":1}},{"start":{},"end":{}}],"line":88}},"s":{"0":4,"1":4,"2":4,"3":4,"4":4,"5":4,"6":4,"7":4,"8":4,"9":4,"10":4,"11":0,"12":4,"13":4,"14":4,"15":4,"16":4,"17":4,"18":4,"19":4,"20":4,"21":0,"22":4,"23":0,"24":0,"25":4},"f":{"0":4,"1":0,"2":0,"3":0},"b":{"0":[4,0],"1":[0,4]},"_coverageSchema":"1a1c01bbd47fc00a2c39e90264f33305004495a9","hash":"780e2f0cd3267d36d264a552db7fed1f682491b6"}
,"C:\\free-mentors-api\\free-mentors-api\\src\\controllers\\adminController.js": {"path":"C:\\free-mentors-api\\free-mentors-api\\src\\controllers\\adminController.js","statementMap":{"0":{"start":{"line":190,"column":13},"end":{"line":190,"column":38}},"1":{"start":{"line":191,"column":16},"end":{"line":191,"column":44}},"2":{"start":{"line":192,"column":17},"end":{"line":192,"column":36}},"3":{"start":{"line":226,"column":0},"end":{"line":254,"column":2}},"4":{"start":{"line":227,"column":2},"end":{"line":253,"column":3}},"5":{"start":{"line":228,"column":6},"end":{"line":228,"column":71}},"6":{"start":{"line":231,"column":6},"end":{"line":233,"column":7}},"7":{"start":{"line":232,"column":10},"end":{"line":232,"column":75}},"8":{"start":{"line":235,"column":19},"end":{"line":235,"column":57}},"9":{"start":{"line":236,"column":6},"end":{"line":236,"column":52}},"10":{"start":{"line":238,"column":6},"end":{"line":240,"column":7}},"11":{"start":{"line":239,"column":10},"end":{"line":239,"column":67}},"12":{"start":{"line":242,"column":6},"end":{"line":244,"column":7}},"13":{"start":{"line":243,"column":10},"end":{"line":243,"column":79}},"14":{"start":{"line":246,"column":6},"end":{"line":246,"column":27}},"15":{"start":{"line":247,"column":6},"end":{"line":247,"column":24}},"16":{"start":{"line":249,"column":6},"end":{"line":249,"column":79}},"17":{"start":{"line":251,"column":6},"end":{"line":251,"column":52}},"18":{"start":{"line":252,"column":6},"end":{"line":252,"column":54}},"19":{"start":{"line":258,"column":0},"end":{"line":283,"column":2}},"20":{"start":{"line":259,"column":4},"end":{"line":282,"column":5}},"21":{"start":{"line":260,"column":25},"end":{"line":262,"column":46}},"22":{"start":{"line":265,"column":30},"end":{"line":265,"column":94}},"23":{"start":{"line":265,"column":57},"end":{"line":265,"column":93}},"24":{"start":{"line":267,"column":8},"end":{"line":278,"column":11}},"25":{"start":{"line":269,"column":48},"end":{"line":277,"column":13}},"26":{"start":{"line":280,"column":8},"end":{"line":280,"column":72}},"27":{"start":{"line":281,"column":8},"end":{"line":281,"column":67}},"28":{"start":{"line":286,"column":0},"end":{"line":315,"column":2}},"29":{"start":{"line":287,"column":4},"end":{"line":314,"column":5}},"30":{"start":{"line":288,"column":30},"end":{"line":288,"column":40}},"31":{"start":{"line":291,"column":8},"end":{"line":293,"column":9}},"32":{"start":{"line":292,"column":12},"end":{"line":292,"column":80}},"33":{"start":{"line":295,"column":24},"end":{"line":295,"column":57}},"34":{"start":{"line":297,"column":8},"end":{"line":299,"column":9}},"35":{"start":{"line":298,"column":12},"end":{"line":298,"column":72}},"36":{"start":{"line":302,"column":8},"end":{"line":304,"column":9}},"37":{"start":{"line":303,"column":12},"end":{"line":303,"column":87}},"38":{"start":{"line":307,"column":8},"end":{"line":307,"column":35}},"39":{"start":{"line":308,"column":8},"end":{"line":308,"column":29}},"40":{"start":{"line":310,"column":8},"end":{"line":310,"column":73}},"41":{"start":{"line":312,"column":8},"end":{"line":312,"column":55}},"42":{"start":{"line":313,"column":8},"end":{"line":313,"column":56}}},"fnMap":{"0":{"name":"(anonymous_0)","decl":{"start":{"line":226,"column":26},"end":{"line":226,"column":27}},"loc":{"start":{"line":226,"column":46},"end":{"line":254,"column":1}},"line":226},"1":{"name":"(anonymous_1)","decl":{"start":{"line":258,"column":26},"end":{"line":258,"column":27}},"loc":{"start":{"line":258,"column":46},"end":{"line":283,"column":1}},"line":258},"2":{"name":"(anonymous_2)","decl":{"start":{"line":265,"column":46},"end":{"line":265,"column":47}},"loc":{"start":{"line":265,"column":57},"end":{"line":265,"column":93}},"line":265},"3":{"name":"(anonymous_3)","decl":{"start":{"line":269,"column":36},"end":{"line":269,"column":37}},"loc":{"start":{"line":269,"column":48},"end":{"line":277,"column":13}},"line":269},"4":{"name":"(anonymous_4)","decl":{"start":{"line":286,"column":30},"end":{"line":286,"column":31}},"loc":{"start":{"line":286,"column":50},"end":{"line":315,"column":1}},"line":286}},"branchMap":{"0":{"loc":{"start":{"line":231,"column":6},"end":{"line":233,"column":7}},"type":"if","locations":[{"start":{"line":231,"column":6},"end":{"line":233,"column":7}},{"start":{},"end":{}}],"line":231},"1":{"loc":{"start":{"line":238,"column":6},"end":{"line":240,"column":7}},"type":"if","locations":[{"start":{"line":238,"column":6},"end":{"line":240,"column":7}},{"start":{},"end":{}}],"line":238},"2":{"loc":{"start":{"line":242,"column":6},"end":{"line":244,"column":7}},"type":"if","locations":[{"start":{"line":242,"column":6},"end":{"line":244,"column":7}},{"start":{},"end":{}}],"line":242},"3":{"loc":{"start":{"line":265,"column":57},"end":{"line":265,"column":93}},"type":"binary-expr","locations":[{"start":{"line":265,"column":57},"end":{"line":265,"column":73}},{"start":{"line":265,"column":77},"end":{"line":265,"column":93}}],"line":265},"4":{"loc":{"start":{"line":291,"column":8},"end":{"line":293,"column":9}},"type":"if","locations":[{"start":{"line":291,"column":8},"end":{"line":293,"column":9}},{"start":{},"end":{}}],"line":291},"5":{"loc":{"start":{"line":297,"column":8},"end":{"line":299,"column":9}},"type":"if","locations":[{"start":{"line":297,"column":8},"end":{"line":299,"column":9}},{"start":{},"end":{}}],"line":297},"6":{"loc":{"start":{"line":302,"column":8},"end":{"line":304,"column":9}},"type":"if","locations":[{"start":{"line":302,"column":8},"end":{"line":304,"column":9}},{"start":{},"end":{}}],"line":302}},"s":{"0":4,"1":4,"2":4,"3":4,"4":1,"5":1,"6":1,"7":0,"8":1,"9":1,"10":1,"11":0,"12":1,"13":0,"14":1,"15":1,"16":1,"17":0,"18":0,"19":4,"20":0,"21":0,"22":0,"23":0,"24":0,"25":0,"26":0,"27":0,"28":4,"29":1,"30":1,"31":1,"32":0,"33":1,"34":1,"35":1,"36":0,"37":0,"38":0,"39":0,"40":0,"41":0,"42":0},"f":{"0":1,"1":0,"2":0,"3":0,"4":1},"b":{"0":[0,1],"1":[0,1],"2":[0,1],"3":[0,0],"4":[0,1],"5":[1,0],"6":[0,0]},"_coverageSchema":"1a1c01bbd47fc00a2c39e90264f33305004495a9","hash":"1326bf2a4d2f955e1bd4241ad0ef0e95d21644d5"}
,"C:\\free-mentors-api\\free-mentors-api\\src\\controllers\\authController.js": {"path":"C:\\free-mentors-api\\free-mentors-api\\src\\controllers\\authController.js","statementMap":{"0":{"start":{"line":5,"column":15},"end":{"line":5,"column":34}},"1":{"start":{"line":6,"column":12},"end":{"line":6,"column":35}},"2":{"start":{"line":7,"column":13},"end":{"line":7,"column":38}},"3":{"start":{"line":8,"column":0},"end":{"line":8,"column":27}},"4":{"start":{"line":11,"column":0},"end":{"line":34,"column":2}},"5":{"start":{"line":12,"column":4},"end":{"line":33,"column":5}},"6":{"start":{"line":13,"column":100},"end":{"line":13,"column":108}},"7":{"start":{"line":15,"column":8},"end":{"line":17,"column":9}},"8":{"start":{"line":16,"column":12},"end":{"line":16,"column":89}},"9":{"start":{"line":19,"column":19},"end":{"line":19,"column":48}},"10":{"start":{"line":20,"column":8},"end":{"line":20,"column":81}},"11":{"start":{"line":20,"column":18},"end":{"line":20,"column":81}},"12":{"start":{"line":22,"column":31},"end":{"line":22,"column":62}},"13":{"start":{"line":24,"column":8},"end":{"line":24,"column":141}},"14":{"start":{"line":26,"column":8},"end":{"line":26,"column":26}},"15":{"start":{"line":28,"column":22},"end":{"line":28,"column":110}},"16":{"start":{"line":30,"column":8},"end":{"line":30,"column":138}},"17":{"start":{"line":32,"column":8},"end":{"line":32,"column":55}},"18":{"start":{"line":39,"column":0},"end":{"line":59,"column":2}},"19":{"start":{"line":40,"column":4},"end":{"line":58,"column":5}},"20":{"start":{"line":41,"column":36},"end":{"line":41,"column":44}},"21":{"start":{"line":43,"column":8},"end":{"line":45,"column":9}},"22":{"start":{"line":44,"column":12},"end":{"line":44,"column":86}},"23":{"start":{"line":47,"column":21},"end":{"line":47,"column":50}},"24":{"start":{"line":48,"column":8},"end":{"line":48,"column":81}},"25":{"start":{"line":48,"column":19},"end":{"line":48,"column":81}},"26":{"start":{"line":50,"column":24},"end":{"line":50,"column":69}},"27":{"start":{"line":51,"column":8},"end":{"line":51,"column":84}},"28":{"start":{"line":51,"column":22},"end":{"line":51,"column":84}},"29":{"start":{"line":53,"column":22},"end":{"line":53,"column":110}},"30":{"start":{"line":55,"column":8},"end":{"line":55,"column":140}},"31":{"start":{"line":57,"column":8},"end":{"line":57,"column":55}}},"fnMap":{"0":{"name":"(anonymous_0)","decl":{"start":{"line":11,"column":17},"end":{"line":11,"column":18}},"loc":{"start":{"line":11,"column":37},"end":{"line":34,"column":1}},"line":11},"1":{"name":"(anonymous_1)","decl":{"start":{"line":39,"column":17},"end":{"line":39,"column":18}},"loc":{"start":{"line":39,"column":37},"end":{"line":59,"column":1}},"line":39}},"branchMap":{"0":{"loc":{"start":{"line":15,"column":8},"end":{"line":17,"column":9}},"type":"if","locations":[{"start":{"line":15,"column":8},"end":{"line":17,"column":9}},{"start":{},"end":{}}],"line":15},"1":{"loc":{"start":{"line":15,"column":12},"end":{"line":15,"column":58}},"type":"binary-expr","locations":[{"start":{"line":15,"column":12},"end":{"line":15,"column":22}},{"start":{"line":15,"column":26},"end":{"line":15,"column":35}},{"start":{"line":15,"column":39},"end":{"line":15,"column":45}},{"start":{"line":15,"column":49},"end":{"line":15,"column":58}}],"line":15},"2":{"loc":{"start":{"line":20,"column":8},"end":{"line":20,"column":81}},"type":"if","locations":[{"start":{"line":20,"column":8},"end":{"line":20,"column":81}},{"start":{},"end":{}}],"line":20},"3":{"loc":{"start":{"line":24,"column":123},"end":{"line":24,"column":137}},"type":"binary-expr","locations":[{"start":{"line":24,"column":123},"end":{"line":24,"column":127}},{"start":{"line":24,"column":131},"end":{"line":24,"column":137}}],"line":24},"4":{"loc":{"start":{"line":43,"column":8},"end":{"line":45,"column":9}},"type":"if","locations":[{"start":{"line":43,"column":8},"end":{"line":45,"column":9}},{"start":{},"end":{}}],"line":43},"5":{"loc":{"start":{"line":43,"column":12},"end":{"line":43,"column":31}},"type":"binary-expr","locations":[{"start":{"line":43,"column":12},"end":{"line":43,"column":18}},{"start":{"line":43,"column":22},"end":{"line":43,"column":31}}],"line":43},"6":{"loc":{"start":{"line":48,"column":8},"end":{"line":48,"column":81}},"type":"if","locations":[{"start":{"line":48,"column":8},"end":{"line":48,"column":81}},{"start":{},"end":{}}],"line":48},"7":{"loc":{"start":{"line":51,"column":8},"end":{"line":51,"column":84}},"type":"if","locations":[{"start":{"line":51,"column":8},"end":{"line":51,"column":84}},{"start":{},"end":{}}],"line":51}},"s":{"0":4,"1":4,"2":4,"3":4,"4":4,"5":3,"6":3,"7":3,"8":0,"9":3,"10":3,"11":1,"12":2,"13":2,"14":2,"15":2,"16":2,"17":0,"18":4,"19":0,"20":0,"21":0,"22":0,"23":0,"24":0,"25":0,"26":0,"27":0,"28":0,"29":0,"30":0,"31":0},"f":{"0":3,"1":0},"b":{"0":[0,3],"1":[3,3,3,3],"2":[1,2],"3":[2,2],"4":[0,0],"5":[0,0],"6":[0,0],"7":[0,0]},"_coverageSchema":"1a1c01bbd47fc00a2c39e90264f33305004495a9","hash":"9ac2dd8c70f13bdd64fcf890e3af4ed25d814d22"}
,"C:\\free-mentors-api\\free-mentors-api\\src\\controllers\\mentorController.js": {"path":"C:\\free-mentors-api\\free-mentors-api\\src\\controllers\\mentorController.js","statementMap":{"0":{"start":{"line":5,"column":13},"end":{"line":5,"column":38}},"1":{"start":{"line":6,"column":17},"end":{"line":6,"column":36}},"2":{"start":{"line":9,"column":0},"end":{"line":21,"column":2}},"3":{"start":{"line":10,"column":4},"end":{"line":20,"column":5}},"4":{"start":{"line":11,"column":24},"end":{"line":11,"column":79}},"5":{"start":{"line":12,"column":8},"end":{"line":14,"column":9}},"6":{"start":{"line":13,"column":12},"end":{"line":13,"column":77}},"7":{"start":{"line":16,"column":8},"end":{"line":16,"column":61}},"8":{"start":{"line":18,"column":8},"end":{"line":18,"column":56}},"9":{"start":{"line":19,"column":8},"end":{"line":19,"column":67}},"10":{"start":{"line":24,"column":0},"end":{"line":44,"column":2}},"11":{"start":{"line":25,"column":4},"end":{"line":43,"column":5}},"12":{"start":{"line":26,"column":29},"end":{"line":26,"column":39}},"13":{"start":{"line":29,"column":8},"end":{"line":31,"column":9}},"14":{"start":{"line":30,"column":12},"end":{"line":30,"column":81}},"15":{"start":{"line":33,"column":23},"end":{"line":33,"column":96}},"16":{"start":{"line":35,"column":8},"end":{"line":37,"column":9}},"17":{"start":{"line":36,"column":12},"end":{"line":36,"column":73}},"18":{"start":{"line":39,"column":8},"end":{"line":39,"column":60}},"19":{"start":{"line":41,"column":8},"end":{"line":41,"column":55}},"20":{"start":{"line":42,"column":8},"end":{"line":42,"column":67}}},"fnMap":{"0":{"name":"(anonymous_0)","decl":{"start":{"line":9,"column":24},"end":{"line":9,"column":25}},"loc":{"start":{"line":9,"column":44},"end":{"line":21,"column":1}},"line":9},"1":{"name":"(anonymous_1)","decl":{"start":{"line":24,"column":24},"end":{"line":24,"column":25}},"loc":{"start":{"line":24,"column":44},"end":{"line":44,"column":1}},"line":24}},"branchMap":{"0":{"loc":{"start":{"line":12,"column":8},"end":{"line":14,"column":9}},"type":"if","locations":[{"start":{"line":12,"column":8},"end":{"line":14,"column":9}},{"start":{},"end":{}}],"line":12},"1":{"loc":{"start":{"line":29,"column":8},"end":{"line":31,"column":9}},"type":"if","locations":[{"start":{"line":29,"column":8},"end":{"line":31,"column":9}},{"start":{},"end":{}}],"line":29},"2":{"loc":{"start":{"line":35,"column":8},"end":{"line":37,"column":9}},"type":"if","locations":[{"start":{"line":35,"column":8},"end":{"line":37,"column":9}},{"start":{},"end":{}}],"line":35}},"s":{"0":4,"1":4,"2":4,"3":1,"4":1,"5":1,"6":0,"7":1,"8":0,"9":0,"10":4,"11":2,"12":2,"13":2,"14":1,"15":1,"16":1,"17":0,"18":1,"19":0,"20":0},"f":{"0":1,"1":2},"b":{"0":[0,1],"1":[1,1],"2":[0,1]},"_coverageSchema":"1a1c01bbd47fc00a2c39e90264f33305004495a9","hash":"e0adfd04891242bb1be4ed146a6fe9e81a722ec2"}
,"C:\\free-mentors-api\\free-mentors-api\\src\\controllers\\sessionController.js": {"path":"C:\\free-mentors-api\\free-mentors-api\\src\\controllers\\sessionController.js","statementMap":{"0":{"start":{"line":5,"column":16},"end":{"line":5,"column":44}},"1":{"start":{"line":6,"column":13},"end":{"line":6,"column":38}},"2":{"start":{"line":7,"column":17},"end":{"line":7,"column":36}},"3":{"start":{"line":64,"column":0},"end":{"line":116,"column":2}},"4":{"start":{"line":65,"column":4},"end":{"line":115,"column":5}},"5":{"start":{"line":66,"column":40},"end":{"line":66,"column":48}},"6":{"start":{"line":67,"column":25},"end":{"line":67,"column":37}},"7":{"start":{"line":69,"column":8},"end":{"line":71,"column":9}},"8":{"start":{"line":70,"column":12},"end":{"line":70,"column":85}},"9":{"start":{"line":74,"column":8},"end":{"line":76,"column":9}},"10":{"start":{"line":75,"column":12},"end":{"line":75,"column":91}},"11":{"start":{"line":79,"column":23},"end":{"line":79,"column":52}},"12":{"start":{"line":80,"column":8},"end":{"line":82,"column":9}},"13":{"start":{"line":81,"column":12},"end":{"line":81,"column":73}},"14":{"start":{"line":85,"column":23},"end":{"line":85,"column":76}},"15":{"start":{"line":86,"column":8},"end":{"line":88,"column":9}},"16":{"start":{"line":87,"column":12},"end":{"line":87,"column":73}},"17":{"start":{"line":91,"column":8},"end":{"line":93,"column":9}},"18":{"start":{"line":92,"column":12},"end":{"line":92,"column":99}},"19":{"start":{"line":96,"column":27},"end":{"line":96,"column":92}},"20":{"start":{"line":97,"column":8},"end":{"line":97,"column":32}},"21":{"start":{"line":99,"column":8},"end":{"line":111,"column":11}},"22":{"start":{"line":113,"column":8},"end":{"line":113,"column":56}},"23":{"start":{"line":114,"column":8},"end":{"line":114,"column":67}},"24":{"start":{"line":120,"column":0},"end":{"line":154,"column":2}},"25":{"start":{"line":121,"column":4},"end":{"line":153,"column":5}},"26":{"start":{"line":122,"column":30},"end":{"line":122,"column":40}},"27":{"start":{"line":123,"column":25},"end":{"line":123,"column":36}},"28":{"start":{"line":126,"column":8},"end":{"line":128,"column":9}},"29":{"start":{"line":127,"column":12},"end":{"line":127,"column":82}},"30":{"start":{"line":131,"column":24},"end":{"line":131,"column":57}},"31":{"start":{"line":132,"column":8},"end":{"line":134,"column":9}},"32":{"start":{"line":133,"column":12},"end":{"line":133,"column":74}},"33":{"start":{"line":137,"column":8},"end":{"line":139,"column":9}},"34":{"start":{"line":138,"column":12},"end":{"line":138,"column":116}},"35":{"start":{"line":142,"column":8},"end":{"line":142,"column":36}},"36":{"start":{"line":143,"column":8},"end":{"line":143,"column":29}},"37":{"start":{"line":145,"column":8},"end":{"line":149,"column":11}},"38":{"start":{"line":151,"column":8},"end":{"line":151,"column":57}},"39":{"start":{"line":152,"column":8},"end":{"line":152,"column":67}},"40":{"start":{"line":157,"column":0},"end":{"line":191,"column":2}},"41":{"start":{"line":158,"column":4},"end":{"line":190,"column":5}},"42":{"start":{"line":159,"column":30},"end":{"line":159,"column":40}},"43":{"start":{"line":160,"column":25},"end":{"line":160,"column":36}},"44":{"start":{"line":163,"column":8},"end":{"line":165,"column":9}},"45":{"start":{"line":164,"column":12},"end":{"line":164,"column":82}},"46":{"start":{"line":168,"column":24},"end":{"line":168,"column":57}},"47":{"start":{"line":169,"column":8},"end":{"line":171,"column":9}},"48":{"start":{"line":170,"column":12},"end":{"line":170,"column":74}},"49":{"start":{"line":174,"column":8},"end":{"line":176,"column":9}},"50":{"start":{"line":175,"column":12},"end":{"line":175,"column":116}},"51":{"start":{"line":179,"column":8},"end":{"line":179,"column":36}},"52":{"start":{"line":180,"column":8},"end":{"line":180,"column":29}},"53":{"start":{"line":182,"column":8},"end":{"line":186,"column":11}},"54":{"start":{"line":188,"column":8},"end":{"line":188,"column":57}},"55":{"start":{"line":189,"column":8},"end":{"line":189,"column":67}},"56":{"start":{"line":194,"column":0},"end":{"line":226,"column":2}},"57":{"start":{"line":195,"column":4},"end":{"line":225,"column":5}},"58":{"start":{"line":196,"column":25},"end":{"line":196,"column":36}},"59":{"start":{"line":199,"column":25},"end":{"line":202,"column":27}},"60":{"start":{"line":204,"column":8},"end":{"line":206,"column":9}},"61":{"start":{"line":205,"column":12},"end":{"line":205,"column":85}},"62":{"start":{"line":209,"column":34},"end":{"line":216,"column":11}},"63":{"start":{"line":209,"column":59},"end":{"line":216,"column":9}},"64":{"start":{"line":218,"column":8},"end":{"line":221,"column":11}},"65":{"start":{"line":223,"column":8},"end":{"line":223,"column":64}},"66":{"start":{"line":224,"column":8},"end":{"line":224,"column":67}},"67":{"start":{"line":229,"column":0},"end":{"line":277,"column":2}},"68":{"start":{"line":230,"column":4},"end":{"line":276,"column":5}},"69":{"start":{"line":231,"column":30},"end":{"line":231,"column":40}},"70":{"start":{"line":232,"column":34},"end":{"line":232,"column":42}},"71":{"start":{"line":233,"column":25},"end":{"line":233,"column":36}},"72":{"start":{"line":236,"column":8},"end":{"line":238,"column":9}},"73":{"start":{"line":237,"column":12},"end":{"line":237,"column":86}},"74":{"start":{"line":239,"column":8},"end":{"line":241,"column":9}},"75":{"start":{"line":240,"column":12},"end":{"line":240,"column":86}},"76":{"start":{"line":244,"column":24},"end":{"line":244,"column":57}},"77":{"start":{"line":245,"column":8},"end":{"line":247,"column":9}},"78":{"start":{"line":246,"column":12},"end":{"line":246,"column":74}},"79":{"start":{"line":248,"column":8},"end":{"line":250,"column":9}},"80":{"start":{"line":249,"column":12},"end":{"line":249,"column":94}},"81":{"start":{"line":253,"column":8},"end":{"line":253,"column":30}},"82":{"start":{"line":254,"column":8},"end":{"line":254,"column":32}},"83":{"start":{"line":255,"column":8},"end":{"line":255,"column":29}},"84":{"start":{"line":258,"column":23},"end":{"line":258,"column":81}},"85":{"start":{"line":259,"column":31},"end":{"line":259,"column":71}},"86":{"start":{"line":262,"column":8},"end":{"line":272,"column":11}},"87":{"start":{"line":274,"column":8},"end":{"line":274,"column":57}},"88":{"start":{"line":275,"column":8},"end":{"line":275,"column":67}}},"fnMap":{"0":{"name":"(anonymous_0)","decl":{"start":{"line":64,"column":24},"end":{"line":64,"column":25}},"loc":{"start":{"line":64,"column":44},"end":{"line":116,"column":1}},"line":64},"1":{"name":"(anonymous_1)","decl":{"start":{"line":120,"column":24},"end":{"line":120,"column":25}},"loc":{"start":{"line":120,"column":44},"end":{"line":154,"column":1}},"line":120},"2":{"name":"(anonymous_2)","decl":{"start":{"line":157,"column":24},"end":{"line":157,"column":25}},"loc":{"start":{"line":157,"column":44},"end":{"line":191,"column":1}},"line":157},"3":{"name":"(anonymous_3)","decl":{"start":{"line":194,"column":28},"end":{"line":194,"column":29}},"loc":{"start":{"line":194,"column":48},"end":{"line":226,"column":1}},"line":194},"4":{"name":"(anonymous_4)","decl":{"start":{"line":209,"column":47},"end":{"line":209,"column":48}},"loc":{"start":{"line":209,"column":59},"end":{"line":216,"column":9}},"line":209},"5":{"name":"(anonymous_5)","decl":{"start":{"line":229,"column":24},"end":{"line":229,"column":25}},"loc":{"start":{"line":229,"column":44},"end":{"line":277,"column":1}},"line":229}},"branchMap":{"0":{"loc":{"start":{"line":69,"column":8},"end":{"line":71,"column":9}},"type":"if","locations":[{"start":{"line":69,"column":8},"end":{"line":71,"column":9}},{"start":{},"end":{}}],"line":69},"1":{"loc":{"start":{"line":74,"column":8},"end":{"line":76,"column":9}},"type":"if","locations":[{"start":{"line":74,"column":8},"end":{"line":76,"column":9}},{"start":{},"end":{}}],"line":74},"2":{"loc":{"start":{"line":74,"column":12},"end":{"line":74,"column":100}},"type":"binary-expr","locations":[{"start":{"line":74,"column":12},"end":{"line":74,"column":54}},{"start":{"line":74,"column":58},"end":{"line":74,"column":100}}],"line":74},"3":{"loc":{"start":{"line":80,"column":8},"end":{"line":82,"column":9}},"type":"if","locations":[{"start":{"line":80,"column":8},"end":{"line":82,"column":9}},{"start":{},"end":{}}],"line":80},"4":{"loc":{"start":{"line":86,"column":8},"end":{"line":88,"column":9}},"type":"if","locations":[{"start":{"line":86,"column":8},"end":{"line":88,"column":9}},{"start":{},"end":{}}],"line":86},"5":{"loc":{"start":{"line":91,"column":8},"end":{"line":93,"column":9}},"type":"if","locations":[{"start":{"line":91,"column":8},"end":{"line":93,"column":9}},{"start":{},"end":{}}],"line":91},"6":{"loc":{"start":{"line":126,"column":8},"end":{"line":128,"column":9}},"type":"if","locations":[{"start":{"line":126,"column":8},"end":{"line":128,"column":9}},{"start":{},"end":{}}],"line":126},"7":{"loc":{"start":{"line":132,"column":8},"end":{"line":134,"column":9}},"type":"if","locations":[{"start":{"line":132,"column":8},"end":{"line":134,"column":9}},{"start":{},"end":{}}],"line":132},"8":{"loc":{"start":{"line":137,"column":8},"end":{"line":139,"column":9}},"type":"if","locations":[{"start":{"line":137,"column":8},"end":{"line":139,"column":9}},{"start":{},"end":{}}],"line":137},"9":{"loc":{"start":{"line":163,"column":8},"end":{"line":165,"column":9}},"type":"if","locations":[{"start":{"line":163,"column":8},"end":{"line":165,"column":9}},{"start":{},"end":{}}],"line":163},"10":{"loc":{"start":{"line":169,"column":8},"end":{"line":171,"column":9}},"type":"if","locations":[{"start":{"line":169,"column":8},"end":{"line":171,"column":9}},{"start":{},"end":{}}],"line":169},"11":{"loc":{"start":{"line":174,"column":8},"end":{"line":176,"column":9}},"type":"if","locations":[{"start":{"line":174,"column":8},"end":{"line":176,"column":9}},{"start":{},"end":{}}],"line":174},"12":{"loc":{"start":{"line":204,"column":8},"end":{"line":206,"column":9}},"type":"if","locations":[{"start":{"line":204,"column":8},"end":{"line":206,"column":9}},{"start":{},"end":{}}],"line":204},"13":{"loc":{"start":{"line":236,"column":8},"end":{"line":238,"column":9}},"type":"if","locations":[{"start":{"line":236,"column":8},"end":{"line":238,"column":9}},{"start":{},"end":{}}],"line":236},"14":{"loc":{"start":{"line":236,"column":12},"end":{"line":236,"column":29}},"type":"binary-expr","locations":[{"start":{"line":236,"column":12},"end":{"line":236,"column":18}},{"start":{"line":236,"column":22},"end":{"line":236,"column":29}}],"line":236},"15":{"loc":{"start":{"line":239,"column":8},"end":{"line":241,"column":9}},"type":"if","locations":[{"start":{"line":239,"column":8},"end":{"line":241,"column":9}},{"start":{},"end":{}}],"line":239},"16":{"loc":{"start":{"line":239,"column":12},"end":{"line":239,"column":34}},"type":"binary-expr","locations":[{"start":{"line":239,"column":12},"end":{"line":239,"column":21}},{"start":{"line":239,"column":25},"end":{"line":239,"column":34}}],"line":239},"17":{"loc":{"start":{"line":245,"column":8},"end":{"line":247,"column":9}},"type":"if","locations":[{"start":{"line":245,"column":8},"end":{"line":247,"column":9}},{"start":{},"end":{}}],"line":245},"18":{"loc":{"start":{"line":248,"column":8},"end":{"line":250,"column":9}},"type":"if","locations":[{"start":{"line":248,"column":8},"end":{"line":250,"column":9}},{"start":{},"end":{}}],"line":248}},"s":{"0":4,"1":4,"2":4,"3":4,"4":1,"5":1,"6":1,"7":1,"8":0,"9":1,"10":0,"11":1,"12":1,"13":0,"14":1,"15":1,"16":0,"17":1,"18":0,"19":1,"20":1,"21":1,"22":0,"23":0,"24":4,"25":0,"26":0,"27":0,"28":0,"29":0,"30":0,"31":0,"32":0,"33":0,"34":0,"35":0,"36":0,"37":0,"38":0,"39":0,"40":4,"41":0,"42":0,"43":0,"44":0,"45":0,"46":0,"47":0,"48":0,"49":0,"50":0,"51":0,"52":0,"53":0,"54":0,"55":0,"56":4,"57":0,"58":0,"59":0,"60":0,"61":0,"62":0,"63":0,"64":0,"65":0,"66":0,"67":4,"68":0,"69":0,"70":0,"71":0,"72":0,"73":0,"74":0,"75":0,"76":0,"77":0,"78":0,"79":0,"80":0,"81":0,"82":0,"83":0,"84":0,"85":0,"86":0,"87":0,"88":0},"f":{"0":1,"1":0,"2":0,"3":0,"4":0,"5":0},"b":{"0":[0,1],"1":[0,1],"2":[1,1],"3":[0,1],"4":[0,1],"5":[0,1],"6":[0,0],"7":[0,0],"8":[0,0],"9":[0,0],"10":[0,0],"11":[0,0],"12":[0,0],"13":[0,0],"14":[0,0],"15":[0,0],"16":[0,0],"17":[0,0],"18":[0,0]},"_coverageSchema":"1a1c01bbd47fc00a2c39e90264f33305004495a9","hash":"a7555cc6bd2626d8121f847e7b765b32cb180c36"}
,"C:\\free-mentors-api\\free-mentors-api\\src\\middleware\\authMiddleware.js": {"path":"C:\\free-mentors-api\\free-mentors-api\\src\\middleware\\authMiddleware.js","statementMap":{"0":{"start":{"line":34,"column":12},"end":{"line":34,"column":35}},"1":{"start":{"line":35,"column":0},"end":{"line":35,"column":27}},"2":{"start":{"line":38,"column":0},"end":{"line":54,"column":2}},"3":{"start":{"line":39,"column":23},"end":{"line":39,"column":50}},"4":{"start":{"line":40,"column":4},"end":{"line":42,"column":5}},"5":{"start":{"line":41,"column":8},"end":{"line":41,"column":83}},"6":{"start":{"line":44,"column":18},"end":{"line":44,"column":42}},"7":{"start":{"line":46,"column":4},"end":{"line":53,"column":5}},"8":{"start":{"line":47,"column":25},"end":{"line":47,"column":66}},"9":{"start":{"line":48,"column":8},"end":{"line":48,"column":51}},"10":{"start":{"line":49,"column":8},"end":{"line":49,"column":28}},"11":{"start":{"line":50,"column":8},"end":{"line":50,"column":15}},"12":{"start":{"line":52,"column":8},"end":{"line":52,"column":57}},"13":{"start":{"line":57,"column":0},"end":{"line":62,"column":2}},"14":{"start":{"line":58,"column":4},"end":{"line":60,"column":5}},"15":{"start":{"line":59,"column":8},"end":{"line":59,"column":78}},"16":{"start":{"line":61,"column":4},"end":{"line":61,"column":11}}},"fnMap":{"0":{"name":"(anonymous_0)","decl":{"start":{"line":38,"column":22},"end":{"line":38,"column":23}},"loc":{"start":{"line":38,"column":42},"end":{"line":54,"column":1}},"line":38},"1":{"name":"(anonymous_1)","decl":{"start":{"line":57,"column":18},"end":{"line":57,"column":19}},"loc":{"start":{"line":57,"column":38},"end":{"line":62,"column":1}},"line":57}},"branchMap":{"0":{"loc":{"start":{"line":40,"column":4},"end":{"line":42,"column":5}},"type":"if","locations":[{"start":{"line":40,"column":4},"end":{"line":42,"column":5}},{"start":{},"end":{}}],"line":40},"1":{"loc":{"start":{"line":40,"column":8},"end":{"line":40,"column":56}},"type":"binary-expr","locations":[{"start":{"line":40,"column":8},"end":{"line":40,"column":19}},{"start":{"line":40,"column":23},"end":{"line":40,"column":56}}],"line":40},"2":{"loc":{"start":{"line":58,"column":4},"end":{"line":60,"column":5}},"type":"if","locations":[{"start":{"line":58,"column":4},"end":{"line":60,"column":5}},{"start":{},"end":{}}],"line":58},"3":{"loc":{"start":{"line":58,"column":8},"end":{"line":58,"column":46}},"type":"binary-expr","locations":[{"start":{"line":58,"column":8},"end":{"line":58,"column":17}},{"start":{"line":58,"column":21},"end":{"line":58,"column":46}}],"line":58}},"s":{"0":4,"1":4,"2":4,"3":6,"4":6,"5":0,"6":6,"7":6,"8":6,"9":6,"10":6,"11":6,"12":0,"13":4,"14":2,"15":0,"16":2},"f":{"0":6,"1":2},"b":{"0":[0,6],"1":[6,6],"2":[0,2],"3":[2,2]},"_coverageSchema":"1a1c01bbd47fc00a2c39e90264f33305004495a9","hash":"38a605f6c59579073bfa9c5215a606903ef23bed"}
,"C:\\free-mentors-api\\free-mentors-api\\src\\models\\Session.js": {"path":"C:\\free-mentors-api\\free-mentors-api\\src\\models\\Session.js","statementMap":{"0":{"start":{"line":5,"column":17},"end":{"line":5,"column":36}},"1":{"start":{"line":7,"column":22},"end":{"line":34,"column":1}},"2":{"start":{"line":36,"column":0},"end":{"line":36,"column":58}}},"fnMap":{},"branchMap":{},"s":{"0":4,"1":4,"2":4},"f":{},"b":{},"_coverageSchema":"1a1c01bbd47fc00a2c39e90264f33305004495a9","hash":"721a1f303ad4e8fc749e320be02dc732d64f1ddd"}
,"C:\\free-mentors-api\\free-mentors-api\\src\\models\\User.js": {"path":"C:\\free-mentors-api\\free-mentors-api\\src\\models\\User.js","statementMap":{"0":{"start":{"line":5,"column":17},"end":{"line":5,"column":36}},"1":{"start":{"line":7,"column":19},"end":{"line":17,"column":23}},"2":{"start":{"line":19,"column":0},"end":{"line":19,"column":52}}},"fnMap":{},"branchMap":{},"s":{"0":4,"1":4,"2":4},"f":{},"b":{},"_coverageSchema":"1a1c01bbd47fc00a2c39e90264f33305004495a9","hash":"05437db8068053f3233e190f224b004ebe46702c"}
,"C:\\free-mentors-api\\free-mentors-api\\src\\routes\\adminRoutes.js": {"path":"C:\\free-mentors-api\\free-mentors-api\\src\\routes\\adminRoutes.js","statementMap":{"0":{"start":{"line":5,"column":16},"end":{"line":5,"column":34}},"1":{"start":{"line":6,"column":65},"end":{"line":6,"column":106}},"2":{"start":{"line":7,"column":33},"end":{"line":7,"column":72}},"3":{"start":{"line":9,"column":15},"end":{"line":9,"column":31}},"4":{"start":{"line":13,"column":0},"end":{"line":13,"column":78}},"5":{"start":{"line":17,"column":0},"end":{"line":17,"column":63}},"6":{"start":{"line":20,"column":0},"end":{"line":20,"column":88}},"7":{"start":{"line":22,"column":0},"end":{"line":22,"column":24}}},"fnMap":{},"branchMap":{},"s":{"0":4,"1":4,"2":4,"3":4,"4":4,"5":4,"6":4,"7":4},"f":{},"b":{},"_coverageSchema":"1a1c01bbd47fc00a2c39e90264f33305004495a9","hash":"0a6ac3f3bb345dc67ae26604f6d0414762336f48"}
,"C:\\free-mentors-api\\free-mentors-api\\src\\routes\\authRoutes.js": {"path":"C:\\free-mentors-api\\free-mentors-api\\src\\routes\\authRoutes.js","statementMap":{"0":{"start":{"line":5,"column":16},"end":{"line":5,"column":34}},"1":{"start":{"line":6,"column":27},"end":{"line":6,"column":67}},"2":{"start":{"line":8,"column":15},"end":{"line":8,"column":31}},"3":{"start":{"line":10,"column":0},"end":{"line":10,"column":31}},"4":{"start":{"line":11,"column":0},"end":{"line":11,"column":31}},"5":{"start":{"line":13,"column":0},"end":{"line":13,"column":24}}},"fnMap":{},"branchMap":{},"s":{"0":4,"1":4,"2":4,"3":4,"4":4,"5":4},"f":{},"b":{},"_coverageSchema":"1a1c01bbd47fc00a2c39e90264f33305004495a9","hash":"b4790e75af53c1245b7e8411bfa5158c1ef76f7d"}
,"C:\\free-mentors-api\\free-mentors-api\\src\\routes\\mentorRoutes.js": {"path":"C:\\free-mentors-api\\free-mentors-api\\src\\routes\\mentorRoutes.js","statementMap":{"0":{"start":{"line":5,"column":16},"end":{"line":5,"column":34}},"1":{"start":{"line":6,"column":41},"end":{"line":6,"column":83}},"2":{"start":{"line":7,"column":24},"end":{"line":7,"column":63}},"3":{"start":{"line":9,"column":15},"end":{"line":9,"column":31}},"4":{"start":{"line":12,"column":0},"end":{"line":12,"column":44}},"5":{"start":{"line":15,"column":0},"end":{"line":15,"column":53}},"6":{"start":{"line":17,"column":0},"end":{"line":17,"column":24}}},"fnMap":{},"branchMap":{},"s":{"0":4,"1":4,"2":4,"3":4,"4":4,"5":4,"6":4},"f":{},"b":{},"_coverageSchema":"1a1c01bbd47fc00a2c39e90264f33305004495a9","hash":"970e3beabe3e94530cf31d5dd5d6d8f11fa9ecc3"}
,"C:\\free-mentors-api\\free-mentors-api\\src\\routes\\sessionRoutes.js": {"path":"C:\\free-mentors-api\\free-mentors-api\\src\\routes\\sessionRoutes.js","statementMap":{"0":{"start":{"line":5,"column":16},"end":{"line":5,"column":34}},"1":{"start":{"line":6,"column":89},"end":{"line":6,"column":132}},"2":{"start":{"line":7,"column":24},"end":{"line":7,"column":63}},"3":{"start":{"line":9,"column":15},"end":{"line":9,"column":31}},"4":{"start":{"line":12,"column":0},"end":{"line":12,"column":45}},"5":{"start":{"line":14,"column":0},"end":{"line":14,"column":63}},"6":{"start":{"line":17,"column":0},"end":{"line":17,"column":63}},"7":{"start":{"line":20,"column":0},"end":{"line":20,"column":48}},"8":{"start":{"line":22,"column":0},"end":{"line":22,"column":62}},"9":{"start":{"line":24,"column":0},"end":{"line":24,"column":24}}},"fnMap":{},"branchMap":{},"s":{"0":4,"1":4,"2":4,"3":4,"4":4,"5":4,"6":4,"7":4,"8":4,"9":4},"f":{},"b":{},"_coverageSchema":"1a1c01bbd47fc00a2c39e90264f33305004495a9","hash":"cae62f8d57e6c7f3a5cb32621f90d81f47acf591"}
,"C:\\free-mentors-api\\free-mentors-api\\src\\utils\\jwtHelper.js": {"path":"C:\\free-mentors-api\\free-mentors-api\\src\\utils\\jwtHelper.js","statementMap":{"0":{"start":{"line":41,"column":12},"end":{"line":41,"column":35}},"1":{"start":{"line":42,"column":0},"end":{"line":42,"column":27}},"2":{"start":{"line":45,"column":0},"end":{"line":55,"column":2}},"3":{"start":{"line":46,"column":4},"end":{"line":48,"column":5}},"4":{"start":{"line":47,"column":8},"end":{"line":47,"column":59}},"5":{"start":{"line":50,"column":4},"end":{"line":54,"column":6}},"6":{"start":{"line":58,"column":0},"end":{"line":77,"column":2}},"7":{"start":{"line":59,"column":4},"end":{"line":76,"column":5}},"8":{"start":{"line":60,"column":27},"end":{"line":60,"column":54}},"9":{"start":{"line":61,"column":8},"end":{"line":63,"column":9}},"10":{"start":{"line":62,"column":12},"end":{"line":62,"column":88}},"11":{"start":{"line":65,"column":22},"end":{"line":65,"column":46}},"12":{"start":{"line":66,"column":24},"end":{"line":66,"column":65}},"13":{"start":{"line":68,"column":8},"end":{"line":70,"column":9}},"14":{"start":{"line":69,"column":12},"end":{"line":69,"column":76}},"15":{"start":{"line":72,"column":8},"end":{"line":72,"column":27}},"16":{"start":{"line":73,"column":8},"end":{"line":73,"column":15}},"17":{"start":{"line":75,"column":8},"end":{"line":75,"column":68}}},"fnMap":{"0":{"name":"(anonymous_0)","decl":{"start":{"line":45,"column":28},"end":{"line":45,"column":29}},"loc":{"start":{"line":45,"column":38},"end":{"line":55,"column":1}},"line":45},"1":{"name":"(anonymous_1)","decl":{"start":{"line":58,"column":22},"end":{"line":58,"column":23}},"loc":{"start":{"line":58,"column":42},"end":{"line":77,"column":1}},"line":58}},"branchMap":{"0":{"loc":{"start":{"line":46,"column":4},"end":{"line":48,"column":5}},"type":"if","locations":[{"start":{"line":46,"column":4},"end":{"line":48,"column":5}},{"start":{},"end":{}}],"line":46},"1":{"loc":{"start":{"line":46,"column":8},"end":{"line":46,"column":40}},"type":"binary-expr","locations":[{"start":{"line":46,"column":8},"end":{"line":46,"column":13}},{"start":{"line":46,"column":18},"end":{"line":46,"column":26}},{"start":{"line":46,"column":30},"end":{"line":46,"column":39}}],"line":46},"2":{"loc":{"start":{"line":51,"column":14},"end":{"line":51,"column":44}},"type":"binary-expr","locations":[{"start":{"line":51,"column":14},"end":{"line":51,"column":21}},{"start":{"line":51,"column":25},"end":{"line":51,"column":44}}],"line":51},"3":{"loc":{"start":{"line":61,"column":8},"end":{"line":63,"column":9}},"type":"if","locations":[{"start":{"line":61,"column":8},"end":{"line":63,"column":9}},{"start":{},"end":{}}],"line":61},"4":{"loc":{"start":{"line":61,"column":12},"end":{"line":61,"column":60}},"type":"binary-expr","locations":[{"start":{"line":61,"column":12},"end":{"line":61,"column":23}},{"start":{"line":61,"column":27},"end":{"line":61,"column":60}}],"line":61},"5":{"loc":{"start":{"line":68,"column":8},"end":{"line":70,"column":9}},"type":"if","locations":[{"start":{"line":68,"column":8},"end":{"line":70,"column":9}},{"start":{},"end":{}}],"line":68},"6":{"loc":{"start":{"line":68,"column":12},"end":{"line":68,"column":35}},"type":"binary-expr","locations":[{"start":{"line":68,"column":12},"end":{"line":68,"column":20}},{"start":{"line":68,"column":24},"end":{"line":68,"column":35}}],"line":68}},"s":{"0":3,"1":3,"2":3,"3":3,"4":0,"5":3,"6":3,"7":0,"8":0,"9":0,"10":0,"11":0,"12":0,"13":0,"14":0,"15":0,"16":0,"17":0},"f":{"0":3,"1":0},"b":{"0":[0,3],"1":[3,3,0],"2":[3,0],"3":[0,0],"4":[0,0],"5":[0,0],"6":[0,0]},"_coverageSchema":"1a1c01bbd47fc00a2c39e90264f33305004495a9","hash":"7efc40dc97f2048cc5d50c3b6c3d78ff0489ef56"}
}
