TN:
SF:src\server.js
FN:67,(anonymous_0)
FN:68,(anonymous_1)
FN:83,(anonymous_2)
FN:89,(anonymous_3)
FNF:4
FNH:1
FNDA:4,(anonymous_0)
FNDA:0,(anonymous_1)
FNDA:0,(anonymous_2)
FNDA:0,(anonymous_3)
DA:50,4
DA:51,4
DA:52,4
DA:53,4
DA:55,4
DA:57,4
DA:58,4
DA:61,4
DA:62,4
DA:65,4
DA:67,4
DA:68,0
DA:71,4
DA:72,4
DA:73,4
DA:74,4
DA:77,4
DA:78,4
DA:79,4
DA:80,4
DA:83,4
DA:84,0
DA:88,4
DA:89,0
DA:93,4
LF:25
LH:22
BRDA:58,0,0,4
BRDA:58,0,1,0
BRDA:88,1,0,0
BRDA:88,1,1,4
BRF:4
BRH:2
end_of_record
TN:
SF:src\controllers\adminController.js
FN:226,(anonymous_0)
FN:258,(anonymous_1)
FN:265,(anonymous_2)
FN:269,(anonymous_3)
FN:286,(anonymous_4)
FNF:5
FNH:2
FNDA:1,(anonymous_0)
FNDA:0,(anonymous_1)
FNDA:0,(anonymous_2)
FNDA:0,(anonymous_3)
FNDA:1,(anonymous_4)
DA:190,4
DA:191,4
DA:192,4
DA:226,4
DA:227,1
DA:228,1
DA:231,1
DA:232,0
DA:235,1
DA:236,1
DA:238,1
DA:239,0
DA:242,1
DA:243,0
DA:246,1
DA:247,1
DA:249,1
DA:251,0
DA:252,0
DA:258,4
DA:259,0
DA:260,0
DA:265,0
DA:267,0
DA:269,0
DA:280,0
DA:281,0
DA:286,4
DA:287,1
DA:288,1
DA:291,1
DA:292,0
DA:295,1
DA:297,1
DA:298,1
DA:302,0
DA:303,0
DA:307,0
DA:308,0
DA:310,0
DA:312,0
DA:313,0
LF:42
LH:22
BRDA:231,0,0,0
BRDA:231,0,1,1
BRDA:238,1,0,0
BRDA:238,1,1,1
BRDA:242,2,0,0
BRDA:242,2,1,1
BRDA:265,3,0,0
BRDA:265,3,1,0
BRDA:291,4,0,0
BRDA:291,4,1,1
BRDA:297,5,0,1
BRDA:297,5,1,0
BRDA:302,6,0,0
BRDA:302,6,1,0
BRF:14
BRH:5
end_of_record
TN:
SF:src\controllers\authController.js
FN:11,(anonymous_0)
FN:39,(anonymous_1)
FNF:2
FNH:1
FNDA:3,(anonymous_0)
FNDA:0,(anonymous_1)
DA:5,4
DA:6,4
DA:7,4
DA:8,4
DA:11,4
DA:12,3
DA:13,3
DA:15,3
DA:16,0
DA:19,3
DA:20,3
DA:22,2
DA:24,2
DA:26,2
DA:28,2
DA:30,2
DA:32,0
DA:39,4
DA:40,0
DA:41,0
DA:43,0
DA:44,0
DA:47,0
DA:48,0
DA:50,0
DA:51,0
DA:53,0
DA:55,0
DA:57,0
LF:29
LH:16
BRDA:15,0,0,0
BRDA:15,0,1,3
BRDA:15,1,0,3
BRDA:15,1,1,3
BRDA:15,1,2,3
BRDA:15,1,3,3
BRDA:20,2,0,1
BRDA:20,2,1,2
BRDA:24,3,0,2
BRDA:24,3,1,2
BRDA:43,4,0,0
BRDA:43,4,1,0
BRDA:43,5,0,0
BRDA:43,5,1,0
BRDA:48,6,0,0
BRDA:48,6,1,0
BRDA:51,7,0,0
BRDA:51,7,1,0
BRF:18
BRH:9
end_of_record
TN:
SF:src\controllers\mentorController.js
FN:9,(anonymous_0)
FN:24,(anonymous_1)
FNF:2
FNH:2
FNDA:1,(anonymous_0)
FNDA:2,(anonymous_1)
DA:5,4
DA:6,4
DA:9,4
DA:10,1
DA:11,1
DA:12,1
DA:13,0
DA:16,1
DA:18,0
DA:19,0
DA:24,4
DA:25,2
DA:26,2
DA:29,2
DA:30,1
DA:33,1
DA:35,1
DA:36,0
DA:39,1
DA:41,0
DA:42,0
LF:21
LH:15
BRDA:12,0,0,0
BRDA:12,0,1,1
BRDA:29,1,0,1
BRDA:29,1,1,1
BRDA:35,2,0,0
BRDA:35,2,1,1
BRF:6
BRH:4
end_of_record
TN:
SF:src\controllers\sessionController.js
FN:64,(anonymous_0)
FN:120,(anonymous_1)
FN:157,(anonymous_2)
FN:194,(anonymous_3)
FN:209,(anonymous_4)
FN:229,(anonymous_5)
FNF:6
FNH:1
FNDA:1,(anonymous_0)
FNDA:0,(anonymous_1)
FNDA:0,(anonymous_2)
FNDA:0,(anonymous_3)
FNDA:0,(anonymous_4)
FNDA:0,(anonymous_5)
DA:5,4
DA:6,4
DA:7,4
DA:64,4
DA:65,1
DA:66,1
DA:67,1
DA:69,1
DA:70,0
DA:74,1
DA:75,0
DA:79,1
DA:80,1
DA:81,0
DA:85,1
DA:86,1
DA:87,0
DA:91,1
DA:92,0
DA:96,1
DA:97,1
DA:99,1
DA:113,0
DA:114,0
DA:120,4
DA:121,0
DA:122,0
DA:123,0
DA:126,0
DA:127,0
DA:131,0
DA:132,0
DA:133,0
DA:137,0
DA:138,0
DA:142,0
DA:143,0
DA:145,0
DA:151,0
DA:152,0
DA:157,4
DA:158,0
DA:159,0
DA:160,0
DA:163,0
DA:164,0
DA:168,0
DA:169,0
DA:170,0
DA:174,0
DA:175,0
DA:179,0
DA:180,0
DA:182,0
DA:188,0
DA:189,0
DA:194,4
DA:195,0
DA:196,0
DA:199,0
DA:204,0
DA:205,0
DA:209,0
DA:218,0
DA:223,0
DA:224,0
DA:229,4
DA:230,0
DA:231,0
DA:232,0
DA:233,0
DA:236,0
DA:237,0
DA:239,0
DA:240,0
DA:244,0
DA:245,0
DA:246,0
DA:248,0
DA:249,0
DA:253,0
DA:254,0
DA:255,0
DA:258,0
DA:259,0
DA:262,0
DA:274,0
DA:275,0
LF:88
LH:21
BRDA:69,0,0,0
BRDA:69,0,1,1
BRDA:74,1,0,0
BRDA:74,1,1,1
BRDA:74,2,0,1
BRDA:74,2,1,1
BRDA:80,3,0,0
BRDA:80,3,1,1
BRDA:86,4,0,0
BRDA:86,4,1,1
BRDA:91,5,0,0
BRDA:91,5,1,1
BRDA:126,6,0,0
BRDA:126,6,1,0
BRDA:132,7,0,0
BRDA:132,7,1,0
BRDA:137,8,0,0
BRDA:137,8,1,0
BRDA:163,9,0,0
BRDA:163,9,1,0
BRDA:169,10,0,0
BRDA:169,10,1,0
BRDA:174,11,0,0
BRDA:174,11,1,0
BRDA:204,12,0,0
BRDA:204,12,1,0
BRDA:236,13,0,0
BRDA:236,13,1,0
BRDA:236,14,0,0
BRDA:236,14,1,0
BRDA:239,15,0,0
BRDA:239,15,1,0
BRDA:239,16,0,0
BRDA:239,16,1,0
BRDA:245,17,0,0
BRDA:245,17,1,0
BRDA:248,18,0,0
BRDA:248,18,1,0
BRF:38
BRH:7
end_of_record
TN:
SF:src\middleware\authMiddleware.js
FN:38,(anonymous_0)
FN:57,(anonymous_1)
FNF:2
FNH:2
FNDA:6,(anonymous_0)
FNDA:2,(anonymous_1)
DA:34,4
DA:35,4
DA:38,4
DA:39,6
DA:40,6
DA:41,0
DA:44,6
DA:46,6
DA:47,6
DA:48,6
DA:49,6
DA:50,6
DA:52,0
DA:57,4
DA:58,2
DA:59,0
DA:61,2
LF:17
LH:14
BRDA:40,0,0,0
BRDA:40,0,1,6
BRDA:40,1,0,6
BRDA:40,1,1,6
BRDA:58,2,0,0
BRDA:58,2,1,2
BRDA:58,3,0,2
BRDA:58,3,1,2
BRF:8
BRH:6
end_of_record
TN:
SF:src\models\Session.js
FNF:0
FNH:0
DA:5,4
DA:7,4
DA:36,4
LF:3
LH:3
BRF:0
BRH:0
end_of_record
TN:
SF:src\models\User.js
FNF:0
FNH:0
DA:5,4
DA:7,4
DA:19,4
LF:3
LH:3
BRF:0
BRH:0
end_of_record
TN:
SF:src\routes\adminRoutes.js
FNF:0
FNH:0
DA:5,4
DA:6,4
DA:7,4
DA:9,4
DA:13,4
DA:17,4
DA:20,4
DA:22,4
LF:8
LH:8
BRF:0
BRH:0
end_of_record
TN:
SF:src\routes\authRoutes.js
FNF:0
FNH:0
DA:5,4
DA:6,4
DA:8,4
DA:10,4
DA:11,4
DA:13,4
LF:6
LH:6
BRF:0
BRH:0
end_of_record
TN:
SF:src\routes\mentorRoutes.js
FNF:0
FNH:0
DA:5,4
DA:6,4
DA:7,4
DA:9,4
DA:12,4
DA:15,4
DA:17,4
LF:7
LH:7
BRF:0
BRH:0
end_of_record
TN:
SF:src\routes\sessionRoutes.js
FNF:0
FNH:0
DA:5,4
DA:6,4
DA:7,4
DA:9,4
DA:12,4
DA:14,4
DA:17,4
DA:20,4
DA:22,4
DA:24,4
LF:10
LH:10
BRF:0
BRH:0
end_of_record
TN:
SF:src\utils\jwtHelper.js
FN:45,(anonymous_0)
FN:58,(anonymous_1)
FNF:2
FNH:1
FNDA:3,(anonymous_0)
FNDA:0,(anonymous_1)
DA:41,3
DA:42,3
DA:45,3
DA:46,3
DA:47,0
DA:50,3
DA:58,3
DA:59,0
DA:60,0
DA:61,0
DA:62,0
DA:65,0
DA:66,0
DA:68,0
DA:69,0
DA:72,0
DA:73,0
DA:75,0
LF:18
LH:6
BRDA:46,0,0,0
BRDA:46,0,1,3
BRDA:46,1,0,3
BRDA:46,1,1,3
BRDA:46,1,2,0
BRDA:51,2,0,3
BRDA:51,2,1,0
BRDA:61,3,0,0
BRDA:61,3,1,0
BRDA:61,4,0,0
BRDA:61,4,1,0
BRDA:68,5,0,0
BRDA:68,5,1,0
BRDA:68,6,0,0
BRDA:68,6,1,0
BRF:15
BRH:4
end_of_record
